mode: atomic
github.com/open-feature/flagd/flagd-proxy/pkg/service/handler.go:27.9,33.6 6 0
github.com/open-feature/flagd/flagd-proxy/pkg/service/handler.go:33.6,34.10 1 0
github.com/open-feature/flagd/flagd-proxy/pkg/service/handler.go:35.23,36.12 1 0
github.com/open-feature/flagd/flagd-proxy/pkg/service/handler.go:37.24,40.19 1 0
github.com/open-feature/flagd/flagd-proxy/pkg/service/handler.go:40.19,42.5 1 0
github.com/open-feature/flagd/flagd-proxy/pkg/service/handler.go:43.34,44.14 1 0
github.com/open-feature/flagd/flagd-proxy/pkg/service/handler.go:45.24,46.14 1 0
github.com/open-feature/flagd/flagd-proxy/pkg/service/handler.go:54.43,56.16 2 0
github.com/open-feature/flagd/flagd-proxy/pkg/service/handler.go:56.16,58.3 1 0
github.com/open-feature/flagd/flagd-proxy/pkg/service/handler.go:60.2,62.8 1 0
github.com/open-feature/flagd/flagd-proxy/pkg/service/handler.go:78.3,80.16 2 0
github.com/open-feature/flagd/flagd-proxy/pkg/service/handler.go:80.16,82.3 1 0
github.com/open-feature/flagd/flagd-proxy/pkg/service/handler.go:84.2,86.8 1 0
github.com/open-feature/flagd/flagd-proxy/pkg/service/handler.go:92.9,98.6 6 0
github.com/open-feature/flagd/flagd-proxy/pkg/service/handler.go:98.6,99.10 1 0
github.com/open-feature/flagd/flagd-proxy/pkg/service/handler.go:100.23,101.12 1 0
github.com/open-feature/flagd/flagd-proxy/pkg/service/handler.go:102.24,106.19 1 0
github.com/open-feature/flagd/flagd-proxy/pkg/service/handler.go:106.19,108.5 1 0
github.com/open-feature/flagd/flagd-proxy/pkg/service/handler.go:109.34,110.14 1 0
github.com/open-feature/flagd/flagd-proxy/pkg/service/handler.go:111.23,112.14 1 0
github.com/open-feature/flagd/flagd-proxy/pkg/service/handler.go:117.60,119.2 1 0
github.com/open-feature/flagd/flagd-proxy/pkg/service/server.go:38.97,54.2 3 0
github.com/open-feature/flagd/flagd-proxy/pkg/service/server.go:56.82,64.20 6 0
github.com/open-feature/flagd/flagd-proxy/pkg/service/server.go:64.20,66.22 2 0
github.com/open-feature/flagd/flagd-proxy/pkg/service/server.go:66.22,67.50 1 0
github.com/open-feature/flagd/flagd-proxy/pkg/service/server.go:67.50,69.5 1 0
github.com/open-feature/flagd/flagd-proxy/pkg/service/server.go:71.3,71.13 1 0
github.com/open-feature/flagd/flagd-proxy/pkg/service/server.go:73.2,73.20 1 0
github.com/open-feature/flagd/flagd-proxy/pkg/service/server.go:73.20,75.29 2 0
github.com/open-feature/flagd/flagd-proxy/pkg/service/server.go:75.29,76.57 1 0
github.com/open-feature/flagd/flagd-proxy/pkg/service/server.go:76.57,78.5 1 0
github.com/open-feature/flagd/flagd-proxy/pkg/service/server.go:80.3,80.13 1 0
github.com/open-feature/flagd/flagd-proxy/pkg/service/server.go:82.2,85.16 3 0
github.com/open-feature/flagd/flagd-proxy/pkg/service/server.go:85.16,87.3 1 0
github.com/open-feature/flagd/flagd-proxy/pkg/service/server.go:88.2,88.12 1 0
github.com/open-feature/flagd/flagd-proxy/pkg/service/server.go:91.29,96.2 2 0
github.com/open-feature/flagd/flagd-proxy/pkg/service/server.go:98.38,103.16 5 0
github.com/open-feature/flagd/flagd-proxy/pkg/service/server.go:103.16,105.3 1 0
github.com/open-feature/flagd/flagd-proxy/pkg/service/server.go:107.2,113.57 4 0
github.com/open-feature/flagd/flagd-proxy/pkg/service/server.go:113.57,115.3 1 0
github.com/open-feature/flagd/flagd-proxy/pkg/service/server.go:117.2,117.12 1 0
github.com/open-feature/flagd/flagd-proxy/pkg/service/server.go:120.45,127.87 5 0
github.com/open-feature/flagd/flagd-proxy/pkg/service/server.go:127.87,129.3 1 0
github.com/open-feature/flagd/flagd-proxy/pkg/service/server.go:130.2,130.86 1 0
github.com/open-feature/flagd/flagd-proxy/pkg/service/server.go:130.86,131.55 1 0
github.com/open-feature/flagd/flagd-proxy/pkg/service/server.go:131.55,133.4 1 0
github.com/open-feature/flagd/flagd-proxy/pkg/service/server.go:133.9,135.4 1 0
github.com/open-feature/flagd/flagd-proxy/pkg/service/server.go:137.2,139.86 2 0
github.com/open-feature/flagd/flagd-proxy/pkg/service/server.go:139.86,141.113 1 0
github.com/open-feature/flagd/flagd-proxy/pkg/service/server.go:141.113,143.4 1 0
github.com/open-feature/flagd/flagd-proxy/pkg/service/server.go:143.9,146.4 2 0
github.com/open-feature/flagd/flagd-proxy/pkg/service/server.go:149.2,154.98 2 0
github.com/open-feature/flagd/flagd-proxy/pkg/service/server.go:154.98,156.3 1 0
github.com/open-feature/flagd/flagd-proxy/pkg/service/server.go:157.2,157.12 1 0
github.com/open-feature/flagd/flagd-proxy/pkg/service/sync_metrics.go:16.41,18.16 2 0
github.com/open-feature/flagd/flagd-proxy/pkg/service/sync_metrics.go:18.16,20.3 1 0
github.com/open-feature/flagd/flagd-proxy/pkg/service/sync_metrics.go:21.2,28.16 4 0
github.com/open-feature/flagd/flagd-proxy/pkg/service/sync_metrics.go:28.16,30.3 1 0
github.com/open-feature/flagd/flagd-proxy/pkg/service/sync_metrics.go:32.2,32.80 1 0
github.com/open-feature/flagd/flagd-proxy/pkg/service/sync_metrics.go:32.80,35.3 2 0
github.com/open-feature/flagd/flagd-proxy/pkg/service/sync_metrics.go:36.2,36.16 1 0
github.com/open-feature/flagd/flagd-proxy/pkg/service/sync_metrics.go:36.16,38.3 1 0
github.com/open-feature/flagd/flagd-proxy/pkg/service/sync_metrics.go:40.2,40.12 1 0
github.com/open-feature/flagd/flagd-proxy/pkg/service/subscriptions/manager.go:51.74,61.2 3 13
github.com/open-feature/flagd/flagd-proxy/pkg/service/subscriptions/manager.go:65.114,72.9 7 4
github.com/open-feature/flagd/flagd-proxy/pkg/service/subscriptions/manager.go:72.9,75.3 2 1
github.com/open-feature/flagd/flagd-proxy/pkg/service/subscriptions/manager.go:75.8,76.33 1 3
github.com/open-feature/flagd/flagd-proxy/pkg/service/subscriptions/manager.go:76.33,78.4 1 1
github.com/open-feature/flagd/flagd-proxy/pkg/service/subscriptions/manager.go:79.3,79.13 1 2
github.com/open-feature/flagd/flagd-proxy/pkg/service/subscriptions/manager.go:79.13,81.72 2 2
github.com/open-feature/flagd/flagd-proxy/pkg/service/subscriptions/manager.go:81.72,83.5 1 1
github.com/open-feature/flagd/flagd-proxy/pkg/service/subscriptions/manager.go:87.2,87.9 1 3
github.com/open-feature/flagd/flagd-proxy/pkg/service/subscriptions/manager.go:88.30,89.19 1 1
github.com/open-feature/flagd/flagd-proxy/pkg/service/subscriptions/manager.go:90.24,91.31 1 1
github.com/open-feature/flagd/flagd-proxy/pkg/service/subscriptions/manager.go:92.37,93.86 1 1
github.com/open-feature/flagd/flagd-proxy/pkg/service/subscriptions/manager.go:105.3,110.9 4 3
github.com/open-feature/flagd/flagd-proxy/pkg/service/subscriptions/manager.go:110.9,129.3 3 1
github.com/open-feature/flagd/flagd-proxy/pkg/service/subscriptions/manager.go:129.8,137.24 3 2
github.com/open-feature/flagd/flagd-proxy/pkg/service/subscriptions/manager.go:137.24,138.14 1 2
github.com/open-feature/flagd/flagd-proxy/pkg/service/subscriptions/manager.go:138.14,141.44 3 2
github.com/open-feature/flagd/flagd-proxy/pkg/service/subscriptions/manager.go:141.44,143.61 2 2
github.com/open-feature/flagd/flagd-proxy/pkg/service/subscriptions/manager.go:143.61,145.7 1 1
github.com/open-feature/flagd/flagd-proxy/pkg/service/subscriptions/manager.go:151.2,151.12 1 3
github.com/open-feature/flagd/flagd-proxy/pkg/service/subscriptions/manager.go:151.12,155.74 4 3
github.com/open-feature/flagd/flagd-proxy/pkg/service/subscriptions/manager.go:155.74,158.4 2 3
github.com/open-feature/flagd/flagd-proxy/pkg/service/subscriptions/manager.go:162.52,167.9 5 6
github.com/open-feature/flagd/flagd-proxy/pkg/service/subscriptions/manager.go:167.9,170.3 2 1
github.com/open-feature/flagd/flagd-proxy/pkg/service/subscriptions/manager.go:172.2,173.12 2 5
github.com/open-feature/flagd/flagd-proxy/pkg/service/subscriptions/manager.go:173.12,178.3 4 5
github.com/open-feature/flagd/flagd-proxy/pkg/service/subscriptions/manager.go:180.2,180.12 1 5
github.com/open-feature/flagd/flagd-proxy/pkg/service/subscriptions/manager.go:180.12,181.7 1 5
github.com/open-feature/flagd/flagd-proxy/pkg/service/subscriptions/manager.go:181.7,182.11 1 6
github.com/open-feature/flagd/flagd-proxy/pkg/service/subscriptions/manager.go:183.22,184.11 1 5
github.com/open-feature/flagd/flagd-proxy/pkg/service/subscriptions/manager.go:185.28,186.34 1 1
github.com/open-feature/flagd/flagd-proxy/pkg/service/subscriptions/manager.go:191.2,192.16 2 5
github.com/open-feature/flagd/flagd-proxy/pkg/service/subscriptions/manager.go:192.16,196.3 3 1
github.com/open-feature/flagd/flagd-proxy/pkg/service/subscriptions/manager.go:198.2,199.16 2 4
github.com/open-feature/flagd/flagd-proxy/pkg/service/subscriptions/manager.go:199.16,203.3 3 1
github.com/open-feature/flagd/flagd-proxy/pkg/service/subscriptions/manager.go:206.2,208.16 3 3
github.com/open-feature/flagd/flagd-proxy/pkg/service/subscriptions/manager.go:208.16,211.3 2 2
github.com/open-feature/flagd/flagd-proxy/pkg/service/subscriptions/manager.go:214.33,215.6 1 14
github.com/open-feature/flagd/flagd-proxy/pkg/service/subscriptions/manager.go:215.6,216.10 1 16
github.com/open-feature/flagd/flagd-proxy/pkg/service/subscriptions/manager.go:217.23,218.10 1 14
github.com/open-feature/flagd/flagd-proxy/pkg/service/subscriptions/manager.go:219.38,221.37 2 2
github.com/open-feature/flagd/flagd-proxy/pkg/service/subscriptions/manager.go:221.37,224.25 2 2
github.com/open-feature/flagd/flagd-proxy/pkg/service/subscriptions/manager.go:224.25,227.6 2 1
github.com/open-feature/flagd/flagd-proxy/pkg/service/subscriptions/manager.go:229.4,229.17 1 2
github.com/open-feature/flagd/flagd-proxy/pkg/service/subscriptions/manager.go:234.59,239.35 4 2
github.com/open-feature/flagd/flagd-proxy/pkg/service/subscriptions/manager.go:239.35,241.3 1 1
github.com/open-feature/flagd/flagd-proxy/pkg/service/subscriptions/manager.go:243.2,243.21 1 2
github.com/open-feature/flagd/flagd-proxy/pkg/service/subscriptions/multiplexer.go:21.72,24.28 3 4
github.com/open-feature/flagd/flagd-proxy/pkg/service/subscriptions/multiplexer.go:24.28,25.10 1 4
github.com/open-feature/flagd/flagd-proxy/pkg/service/subscriptions/multiplexer.go:26.26,27.12 1 4
github.com/open-feature/flagd/flagd-proxy/pkg/service/subscriptions/multiplexer.go:28.11,29.79 1 0
github.com/open-feature/flagd/flagd-proxy/pkg/service/subscriptions/multiplexer.go:34.86,37.28 3 1
github.com/open-feature/flagd/flagd-proxy/pkg/service/subscriptions/multiplexer.go:37.28,38.10 1 1
github.com/open-feature/flagd/flagd-proxy/pkg/service/subscriptions/multiplexer.go:39.28,40.12 1 1
github.com/open-feature/flagd/flagd-proxy/pkg/service/subscriptions/multiplexer.go:41.11,42.78 1 0
